<?xml version="1.0" encoding="UTF-8"?>
<testng-results skipped="0" failed="0" ignored="0" total="1" passed="1">
  <reporter-output>
  </reporter-output>
  <suite name="Default suite" duration-ms="34" started-at="2020-05-18T16:49:30 EDT" finished-at="2020-05-18T16:49:30 EDT">
    <groups>
    </groups>
    <test name="Default test" duration-ms="34" started-at="2020-05-18T16:49:30 EDT" finished-at="2020-05-18T16:49:30 EDT">
      <class name="com.syntax.test.TestingTestNG">
        <test-method status="PASS" signature="hello()[pri:0, instance:com.syntax.test.TestingTestNG@4b4523f8]" name="hello" duration-ms="7" started-at="2020-05-18T16:49:30 EDT" finished-at="2020-05-18T16:49:30 EDT">
          <reporter-output>
          </reporter-output>
        </test-method> <!-- hello -->
      </class> <!-- com.syntax.test.TestingTestNG -->
    </test> <!-- Default test -->
  </suite> <!-- Default suite -->
</testng-results>
